<?xml version="1.0" encoding="UTF-8"?>
<beans xmlns="http://www.springframework.org/schema/beans"
       xmlns:xsi="http://www.w3.org/2001/XMLSchema-instance"
       xmlns:jdbc="http://www.springframework.org/schema/jdbc"
       xmlns:p="http://www.springframework.org/schema/p"
       xmlns:context="http://www.springframework.org/schema/context"
       xmlns:mvc="http://www.springframework.org/schema/mvc"
       xsi:schemaLocation="
        http://www.springframework.org/schema/beans
        http://www.springframework.org/schema/beans/spring-beans-3.1.xsd
        http://www.springframework.org/schema/context
        http://www.springframework.org/schema/context/spring-context-3.1.xsd
        http://www.springframework.org/schema/jdbc http://www.springframework.org/schema/jdbc/spring-jdbc-3.0.xsd
        http://www.springframework.org/schema/mvc
        http://www.springframework.org/schema/mvc/spring-mvc-3.1.xsd">

    <context:component-scan base-package="com.aerian.bbc.dao" />

    <!--<jdbc:embedded-database id="data" type="HSQL" >-->
         <!--<jdbc:script location="classpath:resources/sql/data.sql"/>-->
    <!--</jdbc:embedded-database>-->

    <bean id="entityManager" class="org.springframework.orm.jpa.LocalContainerEntityManagerFactoryBean">
        <property name="dataSource" ref="dataSource" />

        <property name="packagesToScan" value="com.aerian.bbc.entities" />

        <property name="jpaVendorAdapter">
            <bean class="org.springframework.orm.jpa.vendor.HibernateJpaVendorAdapter" />
        </property>
        <property name="jpaProperties">
            <props>
                <prop key="hibernate.archive.autodetection">class,hbm</prop>
                <prop key="hibernate.hbm2ddl.auto">create</prop>
                <prop key="hibernate.show_sql">true</prop>
                <prop key="hibernate.dialect">org.hibernate.dialect.HSQLDialect</prop>
            </props>
        </property>
    </bean>

    <bean id="dataSource" class="org.apache.commons.dbcp.BasicDataSource" destroy-method="close">
        <property name="driverClassName" value="org.hsqldb.jdbcDriver" />
        <property name="url" value="jdbc:hsqldb:mem:500words" />
        <property name="username" value="sa" />
        <property name="password" value="" />
    </bean>


    <jdbc:initialize-database>
        <jdbc:script location="classpath:resources/sql/data.sql"/>
    </jdbc:initialize-database>

    <bean id="transactionManager" class="org.springframework.orm.jpa.JpaTransactionManager"
        p:entityManagerFactory-ref="entityManager" />

    <bean id="writerDao" class="com.aerian.bbc.dao.WriterDao">
        <property name="entityManagerFactoryBean" ref="entityManager"/>
    </bean>



</beans>